0 info it worked if it ends with ok
1 verbose cli [ '/usr/local/bin/node',
1 verbose cli   '/usr/local/bin/npm',
1 verbose cli   'install',
1 verbose cli   'npm@latest',
1 verbose cli   '-g' ]
2 info using npm@3.10.10
3 info using node@v6.10.3
4 silly loadCurrentTree Starting
5 silly install loadCurrentTree
6 silly install readGlobalPackageData
7 silly fetchPackageMetaData npm@latest
8 silly fetchNamedPackageData npm
9 silly mapToRegistry name npm
10 silly mapToRegistry using default registry
11 silly mapToRegistry registry https://registry.npm.taobao.org/
12 silly mapToRegistry data Result {
12 silly mapToRegistry   raw: 'npm',
12 silly mapToRegistry   scope: null,
12 silly mapToRegistry   escapedName: 'npm',
12 silly mapToRegistry   name: 'npm',
12 silly mapToRegistry   rawSpec: '',
12 silly mapToRegistry   spec: 'latest',
12 silly mapToRegistry   type: 'tag' }
13 silly mapToRegistry uri https://registry.npm.taobao.org/npm
14 verbose request uri https://registry.npm.taobao.org/npm
15 verbose request no auth needed
16 info attempt registry request try #1 at 20:14:47
17 verbose request id 3ff0491b11946419
18 http request GET https://registry.npm.taobao.org/npm
19 http 200 https://registry.npm.taobao.org/npm
20 verbose headers { date: 'Mon, 04 Dec 2017 12:14:47 GMT',
20 verbose headers   'content-type': 'application/json; charset=utf-8',
20 verbose headers   'content-length': '6921278',
20 verbose headers   connection: 'keep-alive',
20 verbose headers   'x-current-requests': '1',
20 verbose headers   etag: '"699c3e-FuYmqUsmE8GFLk3BmV4r0vIoUq8"',
20 verbose headers   'x-readtime': '503' }
21 silly get cb [ 200,
21 silly get   { date: 'Mon, 04 Dec 2017 12:14:47 GMT',
21 silly get     'content-type': 'application/json; charset=utf-8',
21 silly get     'content-length': '6921278',
21 silly get     connection: 'keep-alive',
21 silly get     'x-current-requests': '1',
21 silly get     etag: '"699c3e-FuYmqUsmE8GFLk3BmV4r0vIoUq8"',
21 silly get     'x-readtime': '503' } ]
22 verbose get saving npm to /Users/luckyzd/.npm/registry.npm.taobao.org/npm/.cache.json
23 verbose correctMkdir /Users/luckyzd/.npm correctMkdir not in flight; initializing
24 silly install normalizeTree
25 silly loadCurrentTree Finishing
26 silly loadIdealTree Starting
27 silly install loadIdealTree
28 silly cloneCurrentTree Starting
29 silly install cloneCurrentTreeToIdealTree
30 silly cloneCurrentTree Finishing
31 silly loadShrinkwrap Starting
32 silly install loadShrinkwrap
33 silly loadShrinkwrap Finishing
34 silly loadAllDepsIntoIdealTree Starting
35 silly install loadAllDepsIntoIdealTree
36 silly resolveWithNewModule npm@5.5.1 checking installable status
37 silly cache add args [ 'npm@latest', null ]
38 verbose cache add spec npm@latest
39 silly cache add parsed spec Result {
39 silly cache add   raw: 'npm@latest',
39 silly cache add   scope: null,
39 silly cache add   escapedName: 'npm',
39 silly cache add   name: 'npm',
39 silly cache add   rawSpec: 'latest',
39 silly cache add   spec: 'latest',
39 silly cache add   type: 'tag' }
40 silly addNamed npm@latest
41 verbose addNamed "latest" is being treated as a dist-tag for npm
42 info addNameTag [ 'npm', 'latest' ]
43 silly mapToRegistry name npm
44 silly mapToRegistry using default registry
45 silly mapToRegistry registry https://registry.npm.taobao.org/
46 silly mapToRegistry data Result {
46 silly mapToRegistry   raw: 'npm',
46 silly mapToRegistry   scope: null,
46 silly mapToRegistry   escapedName: 'npm',
46 silly mapToRegistry   name: 'npm',
46 silly mapToRegistry   rawSpec: '',
46 silly mapToRegistry   spec: 'latest',
46 silly mapToRegistry   type: 'tag' }
47 silly mapToRegistry uri https://registry.npm.taobao.org/npm
48 verbose addNameTag registry:https://registry.npm.taobao.org/npm not in flight; fetching
49 verbose request uri https://registry.npm.taobao.org/npm
50 verbose request no auth needed
51 info attempt registry request try #1 at 20:15:00
52 http request GET https://registry.npm.taobao.org/npm
53 http 200 https://registry.npm.taobao.org/npm
54 verbose headers { date: 'Mon, 04 Dec 2017 12:15:02 GMT',
54 verbose headers   'content-type': 'application/json; charset=utf-8',
54 verbose headers   'content-length': '6921278',
54 verbose headers   connection: 'keep-alive',
54 verbose headers   'x-current-requests': '1',
54 verbose headers   vary: 'Origin',
54 verbose headers   etag: '"699c3e-FuYmqUsmE8GFLk3BmV4r0vIoUq8"',
54 verbose headers   'x-readtime': '2430' }
55 silly get cb [ 200,
55 silly get   { date: 'Mon, 04 Dec 2017 12:15:02 GMT',
55 silly get     'content-type': 'application/json; charset=utf-8',
55 silly get     'content-length': '6921278',
55 silly get     connection: 'keep-alive',
55 silly get     'x-current-requests': '1',
55 silly get     vary: 'Origin',
55 silly get     etag: '"699c3e-FuYmqUsmE8GFLk3BmV4r0vIoUq8"',
55 silly get     'x-readtime': '2430' } ]
56 verbose get saving npm to /Users/luckyzd/.npm/registry.npm.taobao.org/npm/.cache.json
57 verbose correctMkdir /Users/luckyzd/.npm correctMkdir not in flight; initializing
58 silly addNameTag next cb for npm with tag latest
59 silly addNamed npm@5.5.1
60 verbose addNamed "5.5.1" is a plain semver version for npm
61 silly mapToRegistry name npm
62 silly mapToRegistry using default registry
63 silly mapToRegistry registry https://registry.npm.taobao.org/
64 silly mapToRegistry data Result {
64 silly mapToRegistry   raw: 'npm',
64 silly mapToRegistry   scope: null,
64 silly mapToRegistry   escapedName: 'npm',
64 silly mapToRegistry   name: 'npm',
64 silly mapToRegistry   rawSpec: '',
64 silly mapToRegistry   spec: 'latest',
64 silly mapToRegistry   type: 'tag' }
65 silly mapToRegistry uri https://registry.npm.taobao.org/npm
66 verbose addRemoteTarball https://registry.npm.taobao.org/npm/download/npm-5.5.1.tgz not in flight; adding
67 verbose addRemoteTarball [ 'https://registry.npm.taobao.org/npm/download/npm-5.5.1.tgz',
67 verbose addRemoteTarball   '5bef2b01c51c8144412d5873caf83e22f1ec6b84' ]
68 info retry fetch attempt 1 at 20:15:12
69 info attempt registry request try #1 at 20:15:12
70 http fetch GET https://registry.npm.taobao.org/npm/download/npm-5.5.1.tgz
71 http fetch 200 https://registry.npm.taobao.org/npm/download/npm-5.5.1.tgz
72 silly fetchAndShaCheck shasum 5bef2b01c51c8144412d5873caf83e22f1ec6b84
73 verbose addTmpTarball /var/folders/x3/yy279x3x36jb3_r3pstk955r0000gn/T/npm-19295-f7992db4/registry.npm.taobao.org/npm/download/npm-5.5.1.tgz not in flight; adding
74 verbose addTmpTarball already have metadata; skipping unpack for npm@5.5.1
75 verbose correctMkdir /Users/luckyzd/.npm correctMkdir not in flight; initializing
76 silly rollbackFailedOptional Starting
77 silly rollbackFailedOptional Finishing
78 silly runTopLevelLifecycles Finishing
79 silly install printInstalled
80 verbose stack Error: EACCES: permission denied, mkdir '/Users/luckyzd/.npm/npm/5.5.1'
80 verbose stack     at Error (native)
81 verbose cwd /Users/luckyzd/bennkyou/h5/20171204/node
82 error Darwin 17.2.0
83 error argv "/usr/local/bin/node" "/usr/local/bin/npm" "install" "npm@latest" "-g"
84 error node v6.10.3
85 error npm  v3.10.10
86 error path /Users/luckyzd/.npm/npm/5.5.1
87 error code EACCES
88 error errno -13
89 error syscall mkdir
90 error Error: EACCES: permission denied, mkdir '/Users/luckyzd/.npm/npm/5.5.1'
90 error     at Error (native)
90 error  { Error: EACCES: permission denied, mkdir '/Users/luckyzd/.npm/npm/5.5.1'
90 error     at Error (native)
90 error   errno: -13,
90 error   code: 'EACCES',
90 error   syscall: 'mkdir',
90 error   path: '/Users/luckyzd/.npm/npm/5.5.1' }
91 error Please try running this command again as root/Administrator.
92 verbose exit [ -13, true ]
